  [1m[36m (3.7ms)[0m  [1mCREATE TABLE "schema_migrations" ("version" varchar(255) NOT NULL) [0m
  [1m[35m (16.0ms)[0m  CREATE UNIQUE INDEX "unique_schema_migrations" ON "schema_migrations" ("version")
  [1m[36mActiveRecord::SchemaMigration Load (0.1ms)[0m  [1mSELECT "schema_migrations".* FROM "schema_migrations"[0m


Started GET "/" for 147.83.182.10 at 2014-10-28 13:54:35 +0000
Processing by HomeController#index as HTML
  Rendered home/index.html.erb within layouts/application (3.3ms)
Completed 200 OK in 124ms (Views: 103.3ms | ActiveRecord: 0.0ms)


Started GET "/assets/application.css?body=1" for 147.83.182.10 at 2014-10-28 13:54:36 +0000


Started GET "/assets/home.css?body=1" for 147.83.182.10 at 2014-10-28 13:54:36 +0000


Started GET "/assets/jquery_ujs.js?body=1" for 147.83.182.10 at 2014-10-28 13:54:36 +0000


Started GET "/assets/jquery.js?body=1" for 147.83.182.10 at 2014-10-28 13:54:36 +0000


Started GET "/assets/home.js?body=1" for 147.83.182.10 at 2014-10-28 13:54:36 +0000


Started GET "/assets/application.js?body=1" for 147.83.182.10 at 2014-10-28 13:54:36 +0000


Started GET "/assets/rails.png" for 147.83.182.10 at 2014-10-28 13:54:36 +0000


Started GET "/home" for 66.249.93.33 at 2014-10-28 14:18:46 +0000

ActionController::RoutingError (No route matches [GET] "/home"):
  actionpack (4.0.2) lib/action_dispatch/middleware/debug_exceptions.rb:21:in `call'
  actionpack (4.0.2) lib/action_dispatch/middleware/show_exceptions.rb:30:in `call'
  railties (4.0.2) lib/rails/rack/logger.rb:38:in `call_app'
  railties (4.0.2) lib/rails/rack/logger.rb:20:in `block in call'
  activesupport (4.0.2) lib/active_support/tagged_logging.rb:67:in `block in tagged'
  activesupport (4.0.2) lib/active_support/tagged_logging.rb:25:in `tagged'
  activesupport (4.0.2) lib/active_support/tagged_logging.rb:67:in `tagged'
  railties (4.0.2) lib/rails/rack/logger.rb:20:in `call'
  actionpack (4.0.2) lib/action_dispatch/middleware/request_id.rb:21:in `call'
  rack (1.5.2) lib/rack/methodoverride.rb:21:in `call'
  rack (1.5.2) lib/rack/runtime.rb:17:in `call'
  activesupport (4.0.2) lib/active_support/cache/strategy/local_cache.rb:83:in `call'
  rack (1.5.2) lib/rack/lock.rb:17:in `call'
  actionpack (4.0.2) lib/action_dispatch/middleware/static.rb:64:in `call'
  rack (1.5.2) lib/rack/sendfile.rb:112:in `call'
  railties (4.0.2) lib/rails/engine.rb:511:in `call'
  railties (4.0.2) lib/rails/application.rb:97:in `call'
  rack (1.5.2) lib/rack/lint.rb:49:in `_call'
  rack (1.5.2) lib/rack/lint.rb:37:in `call'
  rack (1.5.2) lib/rack/showexceptions.rb:24:in `call'
  rack (1.5.2) lib/rack/commonlogger.rb:33:in `call'
  rack (1.5.2) lib/rack/chunked.rb:43:in `call'
  rack (1.5.2) lib/rack/content_length.rb:14:in `call'
  unicorn (4.8.3) lib/unicorn/http_server.rb:576:in `process_client'
  unicorn (4.8.3) lib/unicorn/http_server.rb:670:in `worker_loop'
  unicorn (4.8.3) lib/unicorn/http_server.rb:525:in `spawn_missing_workers'
  unicorn (4.8.3) lib/unicorn/http_server.rb:140:in `start'
  unicorn (4.8.3) bin/unicorn:126:in `<top (required)>'
  /usr/local/rvm/gems/ruby-2.1.3/bin/unicorn:23:in `load'
  /usr/local/rvm/gems/ruby-2.1.3/bin/unicorn:23:in `<main>'
  /usr/local/rvm/gems/ruby-2.0.0-p353/bin/ruby_executable_hooks:15:in `eval'
  /usr/local/rvm/gems/ruby-2.0.0-p353/bin/ruby_executable_hooks:15:in `<main>'


  Rendered /usr/local/rvm/gems/ruby-2.1.3/gems/actionpack-4.0.2/lib/action_dispatch/middleware/templates/rescues/_trace.erb (3.9ms)
  Rendered /usr/local/rvm/gems/ruby-2.1.3/gems/actionpack-4.0.2/lib/action_dispatch/middleware/templates/routes/_route.html.erb (2.0ms)
  Rendered /usr/local/rvm/gems/ruby-2.1.3/gems/actionpack-4.0.2/lib/action_dispatch/middleware/templates/routes/_table.html.erb (12.7ms)
  Rendered /usr/local/rvm/gems/ruby-2.1.3/gems/actionpack-4.0.2/lib/action_dispatch/middleware/templates/rescues/routing_error.erb within rescues/layout (77.6ms)


Started GET "/home/Australia" for 66.249.93.33 at 2014-10-28 14:18:46 +0000

ActionController::RoutingError (No route matches [GET] "/home/Australia"):
  actionpack (4.0.2) lib/action_dispatch/middleware/debug_exceptions.rb:21:in `call'
  actionpack (4.0.2) lib/action_dispatch/middleware/show_exceptions.rb:30:in `call'
  railties (4.0.2) lib/rails/rack/logger.rb:38:in `call_app'
  railties (4.0.2) lib/rails/rack/logger.rb:20:in `block in call'
  activesupport (4.0.2) lib/active_support/tagged_logging.rb:67:in `block in tagged'
  activesupport (4.0.2) lib/active_support/tagged_logging.rb:25:in `tagged'
  activesupport (4.0.2) lib/active_support/tagged_logging.rb:67:in `tagged'
  railties (4.0.2) lib/rails/rack/logger.rb:20:in `call'
  actionpack (4.0.2) lib/action_dispatch/middleware/request_id.rb:21:in `call'
  rack (1.5.2) lib/rack/methodoverride.rb:21:in `call'
  rack (1.5.2) lib/rack/runtime.rb:17:in `call'
  activesupport (4.0.2) lib/active_support/cache/strategy/local_cache.rb:83:in `call'
  rack (1.5.2) lib/rack/lock.rb:17:in `call'
  actionpack (4.0.2) lib/action_dispatch/middleware/static.rb:64:in `call'
  rack (1.5.2) lib/rack/sendfile.rb:112:in `call'
  railties (4.0.2) lib/rails/engine.rb:511:in `call'
  railties (4.0.2) lib/rails/application.rb:97:in `call'
  rack (1.5.2) lib/rack/lint.rb:49:in `_call'
  rack (1.5.2) lib/rack/lint.rb:37:in `call'
  rack (1.5.2) lib/rack/showexceptions.rb:24:in `call'
  rack (1.5.2) lib/rack/commonlogger.rb:33:in `call'
  rack (1.5.2) lib/rack/chunked.rb:43:in `call'
  rack (1.5.2) lib/rack/content_length.rb:14:in `call'
  unicorn (4.8.3) lib/unicorn/http_server.rb:576:in `process_client'
  unicorn (4.8.3) lib/unicorn/http_server.rb:670:in `worker_loop'
  unicorn (4.8.3) lib/unicorn/http_server.rb:525:in `spawn_missing_workers'
  unicorn (4.8.3) lib/unicorn/http_server.rb:140:in `start'
  unicorn (4.8.3) bin/unicorn:126:in `<top (required)>'
  /usr/local/rvm/gems/ruby-2.1.3/bin/unicorn:23:in `load'
  /usr/local/rvm/gems/ruby-2.1.3/bin/unicorn:23:in `<main>'
  /usr/local/rvm/gems/ruby-2.0.0-p353/bin/ruby_executable_hooks:15:in `eval'
  /usr/local/rvm/gems/ruby-2.0.0-p353/bin/ruby_executable_hooks:15:in `<main>'


  Rendered /usr/local/rvm/gems/ruby-2.1.3/gems/actionpack-4.0.2/lib/action_dispatch/middleware/templates/rescues/_trace.erb (2.9ms)
  Rendered /usr/local/rvm/gems/ruby-2.1.3/gems/actionpack-4.0.2/lib/action_dispatch/middleware/templates/routes/_route.html.erb (1.7ms)
  Rendered /usr/local/rvm/gems/ruby-2.1.3/gems/actionpack-4.0.2/lib/action_dispatch/middleware/templates/routes/_table.html.erb (2.5ms)
  Rendered /usr/local/rvm/gems/ruby-2.1.3/gems/actionpack-4.0.2/lib/action_dispatch/middleware/templates/rescues/routing_error.erb within rescues/layout (32.1ms)


Started GET "/" for 147.83.182.13 at 2014-10-28 14:26:58 +0000
Processing by HomeController#index as HTML
  Rendered home/index.html.erb within layouts/application (0.4ms)
Completed 200 OK in 12ms (Views: 11.1ms | ActiveRecord: 0.0ms)


Started GET "/assets/jquery_ujs.js?body=1" for 147.83.182.13 at 2014-10-28 14:26:58 +0000


Started GET "/assets/application.css?body=1" for 147.83.182.13 at 2014-10-28 14:26:58 +0000


Started GET "/assets/home.css?body=1" for 147.83.182.13 at 2014-10-28 14:26:58 +0000


Started GET "/assets/jquery.js?body=1" for 147.83.182.13 at 2014-10-28 14:26:58 +0000


Started GET "/assets/application.js?body=1" for 147.83.182.13 at 2014-10-28 14:26:58 +0000


Started GET "/assets/home.js?body=1" for 147.83.182.13 at 2014-10-28 14:26:58 +0000


Started GET "/assets/rails.png" for 147.83.182.13 at 2014-10-28 14:26:58 +0000


Started GET "/" for 147.83.182.13 at 2014-10-28 14:27:09 +0000
Processing by HomeController#index as HTML
  Rendered home/index.html.erb within layouts/application (0.2ms)
Completed 200 OK in 8ms (Views: 6.2ms | ActiveRecord: 0.0ms)


Started GET "/assets/application.css?body=1" for 147.83.182.13 at 2014-10-28 14:27:09 +0000


Started GET "/assets/home.css?body=1" for 147.83.182.13 at 2014-10-28 14:27:09 +0000


Started GET "/assets/jquery.js?body=1" for 147.83.182.13 at 2014-10-28 14:27:09 +0000


Started GET "/assets/jquery_ujs.js?body=1" for 147.83.182.13 at 2014-10-28 14:27:09 +0000


Started GET "/assets/home.js?body=1" for 147.83.182.13 at 2014-10-28 14:27:09 +0000


Started GET "/assets/application.js?body=1" for 147.83.182.13 at 2014-10-28 14:27:09 +0000


Started GET "/assets/rails.png" for 147.83.182.13 at 2014-10-28 14:27:09 +0000


Started GET "/" for 147.83.182.13 at 2014-10-28 14:27:10 +0000
Processing by HomeController#index as HTML
  Rendered home/index.html.erb within layouts/application (0.1ms)
Completed 200 OK in 5ms (Views: 4.4ms | ActiveRecord: 0.0ms)


Started GET "/assets/application.css?body=1" for 147.83.182.13 at 2014-10-28 14:27:10 +0000


Started GET "/assets/home.css?body=1" for 147.83.182.13 at 2014-10-28 14:27:10 +0000


Started GET "/assets/jquery_ujs.js?body=1" for 147.83.182.13 at 2014-10-28 14:27:10 +0000


Started GET "/assets/jquery.js?body=1" for 147.83.182.13 at 2014-10-28 14:27:10 +0000


Started GET "/assets/home.js?body=1" for 147.83.182.13 at 2014-10-28 14:27:10 +0000


Started GET "/assets/application.js?body=1" for 147.83.182.13 at 2014-10-28 14:27:10 +0000


Started GET "/assets/rails.png" for 147.83.182.13 at 2014-10-28 14:27:10 +0000


Started GET "/" for 147.83.182.13 at 2014-10-28 14:34:04 +0000
Processing by HomeController#index as HTML
  Rendered home/index.html.erb within layouts/application (0.7ms)
Completed 200 OK in 21ms (Views: 16.8ms | ActiveRecord: 0.0ms)


Started GET "/assets/application.css?body=1" for 147.83.182.13 at 2014-10-28 14:34:04 +0000


Started GET "/assets/jquery.js?body=1" for 147.83.182.13 at 2014-10-28 14:34:04 +0000


Started GET "/assets/home.css?body=1" for 147.83.182.13 at 2014-10-28 14:34:04 +0000


Started GET "/assets/jquery_ujs.js?body=1" for 147.83.182.13 at 2014-10-28 14:34:04 +0000


Started GET "/assets/home.js?body=1" for 147.83.182.13 at 2014-10-28 14:34:04 +0000


Started GET "/assets/application.js?body=1" for 147.83.182.13 at 2014-10-28 14:34:04 +0000


Started GET "/assets/rails.png" for 147.83.182.13 at 2014-10-28 14:34:04 +0000


Started GET "/" for 147.83.182.13 at 2014-10-28 14:44:42 +0000
Processing by HomeController#index as HTML
  Rendered home/index.html.erb within layouts/application (0.3ms)
Completed 200 OK in 9ms (Views: 7.6ms | ActiveRecord: 0.0ms)


Started GET "/assets/application.css?body=1" for 147.83.182.13 at 2014-10-28 14:44:42 +0000


Started GET "/assets/home.css?body=1" for 147.83.182.13 at 2014-10-28 14:44:42 +0000


Started GET "/assets/jquery_ujs.js?body=1" for 147.83.182.13 at 2014-10-28 14:44:42 +0000


Started GET "/assets/jquery.js?body=1" for 147.83.182.13 at 2014-10-28 14:44:42 +0000


Started GET "/assets/home.js?body=1" for 147.83.182.13 at 2014-10-28 14:44:42 +0000


Started GET "/assets/application.js?body=1" for 147.83.182.13 at 2014-10-28 14:44:42 +0000


Started GET "/assets/rails.png" for 147.83.182.13 at 2014-10-28 14:44:43 +0000
